Build started 4/28/2021 12:35:17 AM.
     1>Project "C:\Users\ADMIN\Desktop\trunghieu123\gameSDL.cpp\gameSDL.cpp\gameSDL.cpp.vcxproj" on node 2 (Build target(s)).
     1>ClCompile:
         C:\Program Files (x86)\Microsoft Visual Studio 11.0\VC\bin\CL.exe /c /ZI /nologo /W3 /WX- /Od /Oy- /D WIN32 /D _DEBUG /D _CONSOLE /D _UNICODE /D UNICODE /Gm /EHsc /RTC1 /MDd /GS /fp:precise /Zc:wchar_t /Zc:forScope /Fo"Debug\\" /Fd"Debug\vc110.pdb" /Gd /TP /analyze- /errorReport:prompt AmoObject.cpp baseObject.cpp common_Function.cpp ExplosionObject.cpp main.cpp mainobject.cpp PlayerPower.cpp ShowMenu.cpp TextObject.cpp ThreatsObject.cpp
         ThreatsObject.cpp
     1>c:\users\admin\desktop\trunghieu123\gamesdl.cpp\gamesdl.cpp\threatsobject.cpp(9): warning C4244: '=' : conversion from 'double' to 'Sint16', possible loss of data
     1>c:\users\admin\desktop\trunghieu123\gamesdl.cpp\gamesdl.cpp\threatsobject.cpp(22): warning C4018: '<' : signed/unsigned mismatch
     1>c:\users\admin\desktop\trunghieu123\gamesdl.cpp\gamesdl.cpp\threatsobject.cpp(47): warning C4244: 'argument' : conversion from 'double' to 'const int', possible loss of data
     1>c:\users\admin\desktop\trunghieu123\gamesdl.cpp\gamesdl.cpp\threatsobject.cpp(57): warning C4018: '<' : signed/unsigned mismatch
     1>c:\users\admin\desktop\trunghieu123\gamesdl.cpp\gamesdl.cpp\threatsobject.cpp(71): warning C4244: 'argument' : conversion from 'double' to 'const int', possible loss of data
     1>c:\users\admin\desktop\trunghieu123\gamesdl.cpp\gamesdl.cpp\threatsobject.cpp(88): warning C4244: '=' : conversion from 'double' to 'int', possible loss of data
     1>c:\users\admin\desktop\trunghieu123\gamesdl.cpp\gamesdl.cpp\threatsobject.cpp(106): warning C4244: '=' : conversion from 'double' to 'int', possible loss of data
     1>c:\users\admin\desktop\trunghieu123\gamesdl.cpp\gamesdl.cpp\threatsobject.cpp(109): warning C4018: '<' : signed/unsigned mismatch
     1>c:\users\admin\desktop\trunghieu123\gamesdl.cpp\gamesdl.cpp\threatsobject.cpp(122): warning C4244: 'argument' : conversion from 'double' to 'const int', possible loss of data
         TextObject.cpp
         ShowMenu.cpp
         PlayerPower.cpp
     1>c:\users\admin\desktop\trunghieu123\gamesdl.cpp\gamesdl.cpp\playerpower.cpp(26): warning C4018: '<' : signed/unsigned mismatch
         mainobject.cpp
     1>c:\users\admin\desktop\trunghieu123\gamesdl.cpp\gamesdl.cpp\mainobject.cpp(87): warning C4244: 'argument' : conversion from 'double' to 'const int', possible loss of data
     1>c:\users\admin\desktop\trunghieu123\gamesdl.cpp\gamesdl.cpp\mainobject.cpp(101): warning C4018: '<' : signed/unsigned mismatch
     1>c:\users\admin\desktop\trunghieu123\gamesdl.cpp\gamesdl.cpp\mainobject.cpp(145): warning C4018: '<' : signed/unsigned mismatch
     1>c:\users\admin\desktop\trunghieu123\gamesdl.cpp\gamesdl.cpp\mainobject.cpp(147): warning C4018: '<' : signed/unsigned mismatch
         main.cpp
     1>c:\users\admin\desktop\trunghieu123\gamesdl.cpp\gamesdl.cpp\main.cpp(119): warning C4244: '=' : conversion from 'double' to 'int', possible loss of data
     1>c:\users\admin\desktop\trunghieu123\gamesdl.cpp\gamesdl.cpp\main.cpp(209): warning C4018: '<' : signed/unsigned mismatch
     1>c:\users\admin\desktop\trunghieu123\gamesdl.cpp\gamesdl.cpp\main.cpp(233): warning C4244: 'initializing' : conversion from 'double' to 'int', possible loss of data
     1>c:\users\admin\desktop\trunghieu123\gamesdl.cpp\gamesdl.cpp\main.cpp(234): warning C4244: 'initializing' : conversion from 'double' to 'int', possible loss of data
     1>c:\users\admin\desktop\trunghieu123\gamesdl.cpp\gamesdl.cpp\main.cpp(299): warning C4018: '<' : signed/unsigned mismatch
     1>c:\users\admin\desktop\trunghieu123\gamesdl.cpp\gamesdl.cpp\main.cpp(313): warning C4244: 'initializing' : conversion from 'double' to 'int', possible loss of data
     1>c:\users\admin\desktop\trunghieu123\gamesdl.cpp\gamesdl.cpp\main.cpp(314): warning C4244: 'initializing' : conversion from 'double' to 'int', possible loss of data
         ExplosionObject.cpp
         common_Function.cpp
         baseObject.cpp
         AmoObject.cpp
         Generating Code...
       Link:
         C:\Program Files (x86)\Microsoft Visual Studio 11.0\VC\bin\link.exe /ERRORREPORT:PROMPT /OUT:"C:\Users\ADMIN\Desktop\trunghieu123\gameSDL.cpp\Debug\gameSDL.cpp.exe" /INCREMENTAL /NOLOGO SDL.lib SDLmain.lib SDL_image.lib SDL_mixer.lib SDL_ttf.lib kernel32.lib user32.lib gdi32.lib winspool.lib comdlg32.lib advapi32.lib shell32.lib ole32.lib oleaut32.lib uuid.lib odbc32.lib odbccp32.lib /MANIFEST /MANIFESTUAC:"level='asInvoker' uiAccess='false'" /manifest:embed /DEBUG /PDB:"C:\Users\ADMIN\Desktop\trunghieu123\gameSDL.cpp\Debug\gameSDL.cpp.pdb" /SUBSYSTEM:WINDOWS /TLBID:1 /DYNAMICBASE /NXCOMPAT /IMPLIB:"C:\Users\ADMIN\Desktop\trunghieu123\gameSDL.cpp\Debug\gameSDL.cpp.lib" /MACHINE:X86 Debug\AmoObject.obj
         Debug\baseObject.obj
         Debug\common_Function.obj
         Debug\ExplosionObject.obj
         Debug\main.obj
         Debug\mainobject.obj
         Debug\PlayerPower.obj
         Debug\ShowMenu.obj
         Debug\TextObject.obj
         Debug\ThreatsObject.obj
     1>MSVCRTD.lib(cinitexe.obj) : warning LNK4098: defaultlib 'msvcrt.lib' conflicts with use of other libs; use /NODEFAULTLIB:library
         gameSDL.cpp.vcxproj -> C:\Users\ADMIN\Desktop\trunghieu123\gameSDL.cpp\Debug\gameSDL.cpp.exe
     1>Done Building Project "C:\Users\ADMIN\Desktop\trunghieu123\gameSDL.cpp\gameSDL.cpp\gameSDL.cpp.vcxproj" (Build target(s)).

Build succeeded.

Time Elapsed 00:00:18.91
